{'boxiId': 'boxi_prototype_00000', 'userId': 'W5we1keRKdOt8kwJ5qZCOM1zr2l2', 'ipAddr': '192.168.1.119', 'port': 4321}
Set IP failed
 * Serving Flask app 'app' (lazy loading)
 * Environment: production
   WARNING: This is a development server. Do not use it in a production deployment.
   Use a production WSGI server instead.
 * Debug mode: off
 * Running on all addresses.
   WARNING: This is a development server. Do not use it in a production deployment.
 * Running on http://192.168.1.119:4321/ (Press CTRL+C to quit)
{'boxiId': 'boxi_prototype_00000', 'userId': 'W5we1keRKdOt8kwJ5qZCOM1zr2l2', 'ipAddr': '192.168.1.119', 'port': 4321}
Success! 200
 * Serving Flask app 'app' (lazy loading)
 * Environment: production
   WARNING: This is a development server. Do not use it in a production deployment.
   Use a production WSGI server instead.
 * Debug mode: off
 * Running on all addresses.
   WARNING: This is a development server. Do not use it in a production deployment.
 * Running on http://192.168.1.119:4321/ (Press CTRL+C to quit)
python: can't open file '/home/pi/Desktop/boxi/server/vibration.py': [Errno 2] No such file or directory
python: can't open file '/home/pi/Desktop/boxi/server/app.py': [Errno 2] No such file or directory
python: can't open file '/home/pi/Desktop/boxi/server/lock_is_trip.py': [Errno 2] No such file or directory
python: can't open file '/home/pi/Desktop/boxi/server/loop_scanner.py': [Errno 2] No such file or directory
